<?xml version="1.0" encoding="UTF-8"?>
<!-- Generated by org.testng.reporters.JUnitReportReporter -->
<testsuite skipped="0" hostname="DESKTOP-BG077B6" name="com.gmail.perva4ina.FirstTest" tests="1" failures="0" timestamp="02 июл 2017 14:32:01 GMT" time="1.668" errors="0">
  <testcase name="userLogin" time="1.668" classname="com.gmail.perva4ina.FirstTest"/>
</testsuite> <!-- com.gmail.perva4ina.FirstTest -->
